# JRE version: 7.0_17-b02
# Java VM: Java HotSpot(TM) Client VM (23.7-b01 mixed mode, sharing windows-x86 )
Heap
 def new generation   total 9280K, used 7338K [0x23860000, 0x24270000, 0x28db0000)
  eden space 8256K,  76% used [0x23860000, 0x23e8a920, 0x24070000)
  from space 1024K, 100% used [0x24070000, 0x24170000, 0x24170000)
  to   space 1024K,   0% used [0x24170000, 0x24170000, 0x24270000)
 tenured generation   total 20528K, used 16713K [0x28db0000, 0x2a1bc000, 0x33860000)
   the space 20528K,  81% used [0x28db0000, 0x29e025b0, 0x29e02600, 0x2a1bc000)
 compacting perm gen  total 12288K, used 9994K [0x33860000, 0x34460000, 0x37860000)
   the space 12288K,  81% used [0x33860000, 0x34222a98, 0x34222c00, 0x34460000)
    ro space 10240K,  45% used [0x37860000, 0x37ce73d8, 0x37ce7400, 0x38260000)
    rw space 12288K,  54% used [0x38260000, 0x388eacc8, 0x388eae00, 0x38e60000)
GC Heap History (10 events):
Event: 4.520 GC heap before
{Heap before GC invocations=9 (full 0):
 def new generation   total 4928K, used 4775K [0x23860000, 0x23db0000, 0x28db0000)
  eden space 4416K, 100% used [0x23860000, 0x23cb0000, 0x23cb0000)
  from space 512K,  70% used [0x23d30000, 0x23d89d58, 0x23db0000)
  to   space 512K,   0% used [0x23cb0000, 0x23cb0000, 0x23d30000)
 tenured generation   total 10944K, used 7483K [0x28db0000, 0x29860000, 0x33860000)
   the space 10944K,  68% used [0x28db0000, 0x294fecf0, 0x294fee00, 0x29860000)
 compacting perm gen  total 12288K, used 9584K [0x33860000, 0x34460000, 0x37860000)
   the space 12288K,  77% used [0x33860000, 0x341bc190, 0x341bc200, 0x34460000)
    ro space 10240K,  45% used [0x37860000, 0x37ce73d8, 0x37ce7400, 0x38260000)
    rw space 12288K,  54% used [0x38260000, 0x388eacc8, 0x388eae00, 0x38e60000)
Event: 4.525 GC heap after
Heap after GC invocations=10 (full 0):
 def new generation   total 4928K, used 425K [0x23860000, 0x23db0000, 0x28db0000)
  eden space 4416K,   0% used [0x23860000, 0x23860000, 0x23cb0000)
  from space 512K,  83% used [0x23cb0000, 0x23d1a740, 0x23d30000)
  to   space 512K,   0% used [0x23d30000, 0x23d30000, 0x23db0000)
 tenured generation   total 10944K, used 7824K [0x28db0000, 0x29860000, 0x33860000)
   the space 10944K,  71% used [0x28db0000, 0x29554038, 0x29554200, 0x29860000)
 compacting perm gen  total 12288K, used 9584K [0x33860000, 0x34460000, 0x37860000)
   the space 12288K,  77% used [0x33860000, 0x341bc190, 0x341bc200, 0x34460000)
    ro space 10240K,  45% used [0x37860000, 0x37ce73d8, 0x37ce7400, 0x38260000)
    rw space 12288K,  54% used [0x38260000, 0x388eacc8, 0x388eae00, 0x38e60000)
}
Event: 6.641 GC heap before
{Heap before GC invocations=10 (full 0):
 def new generation   total 4928K, used 4474K [0x23860000, 0x23db0000, 0x28db0000)
  eden space 4416K,  91% used [0x23860000, 0x23c542c0, 0x23cb0000)
  from space 512K,  83% used [0x23cb0000, 0x23d1a740, 0x23d30000)
  to   space 512K,   0% used [0x23d30000, 0x23d30000, 0x23db0000)
 tenured generation   total 10944K, used 7824K [0x28db0000, 0x29860000, 0x33860000)
   the space 10944K,  71% used [0x28db0000, 0x29554038, 0x29554200, 0x29860000)
 compacting perm gen  total 12288K, used 9743K [0x33860000, 0x34460000, 0x37860000)
   the space 12288K,  79% used [0x33860000, 0x341e3e20, 0x341e4000, 0x34460000)
    ro space 10240K,  45% used [0x37860000, 0x37ce73d8, 0x37ce7400, 0x38260000)
    rw space 12288K,  54% used [0x38260000, 0x388eacc8, 0x388eae00, 0x38e60000)
Event: 6.649 GC heap after
Heap after GC invocations=11 (full 0):
 def new generation   total 4928K, used 511K [0x23860000, 0x23db0000, 0x28db0000)
  eden space 4416K,   0% used [0x23860000, 0x23860000, 0x23cb0000)
  from space 512K,  99% used [0x23d30000, 0x23dafe38, 0x23db0000)
  to   space 512K,   0% used [0x23cb0000, 0x23cb0000, 0x23d30000)
 tenured generation   total 10944K, used 10140K [0x28db0000, 0x29860000, 0x33860000)
   the space 10944K,  92% used [0x28db0000, 0x29797360, 0x29797400, 0x29860000)
 compacting perm gen  total 12288K, used 9743K [0x33860000, 0x34460000, 0x37860000)
   the space 12288K,  79% used [0x33860000, 0x341e3e20, 0x341e4000, 0x34460000)
    ro space 10240K,  45% used [0x37860000, 0x37ce73d8, 0x37ce7400, 0x38260000)
    rw space 12288K,  54% used [0x38260000, 0x388eacc8, 0x388eae00, 0x38e60000)
}
Event: 6.676 GC heap before
{Heap before GC invocations=11 (full 0):
 def new generation   total 4928K, used 4927K [0x23860000, 0x23db0000, 0x28db0000)
  eden space 4416K, 100% used [0x23860000, 0x23cb0000, 0x23cb0000)
  from space 512K,  99% used [0x23d30000, 0x23dafe38, 0x23db0000)
  to   space 512K,   0% used [0x23cb0000, 0x23cb0000, 0x23d30000)
 tenured generation   total 10944K, used 10140K [0x28db0000, 0x29860000, 0x33860000)
   the space 10944K,  92% used [0x28db0000, 0x29797360, 0x29797400, 0x29860000)
 compacting perm gen  total 12288K, used 9799K [0x33860000, 0x34460000, 0x37860000)
   the space 12288K,  79% used [0x33860000, 0x341f1ce8, 0x341f1e00, 0x34460000)
    ro space 10240K,  45% used [0x37860000, 0x37ce73d8, 0x37ce7400, 0x38260000)
    rw space 12288K,  54% used [0x38260000, 0x388eacc8, 0x388eae00, 0x38e60000)
Event: 6.741 GC heap after
Heap after GC invocations=12 (full 1):
 def new generation   total 9280K, used 0K [0x23860000, 0x24270000, 0x28db0000)
  eden space 8256K,   0% used [0x23860000, 0x23860000, 0x24070000)
  from space 1024K,   0% used [0x24070000, 0x24070000, 0x24170000)
  to   space 1024K,   0% used [0x24170000, 0x24170000, 0x24270000)
 tenured generation   total 20528K, used 12315K [0x28db0000, 0x2a1bc000, 0x33860000)
   the space 20528K,  59% used [0x28db0000, 0x299b6f90, 0x299b7000, 0x2a1bc000)
 compacting perm gen  total 12288K, used 9799K [0x33860000, 0x34460000, 0x37860000)
   the space 12288K,  79% used [0x33860000, 0x341f1ce8, 0x341f1e00, 0x34460000)
    ro space 10240K,  45% used [0x37860000, 0x37ce73d8, 0x37ce7400, 0x38260000)
    rw space 12288K,  54% used [0x38260000, 0x388eacc8, 0x388eae00, 0x38e60000)
}
Event: 6.941 GC heap before
{Heap before GC invocations=12 (full 1):
 def new generation   total 9280K, used 8256K [0x23860000, 0x24270000, 0x28db0000)
  eden space 8256K, 100% used [0x23860000, 0x24070000, 0x24070000)
  from space 1024K,   0% used [0x24070000, 0x24070000, 0x24170000)
  to   space 1024K,   0% used [0x24170000, 0x24170000, 0x24270000)
 tenured generation   total 20528K, used 12315K [0x28db0000, 0x2a1bc000, 0x33860000)
   the space 20528K,  59% used [0x28db0000, 0x299b6f90, 0x299b7000, 0x2a1bc000)
 compacting perm gen  total 12288K, used 9901K [0x33860000, 0x34460000, 0x37860000)
   the space 12288K,  80% used [0x33860000, 0x3420b580, 0x3420b600, 0x34460000)
    ro space 10240K,  45% used [0x37860000, 0x37ce73d8, 0x37ce7400, 0x38260000)
    rw space 12288K,  54% used [0x38260000, 0x388eacc8, 0x388eae00, 0x38e60000)
Event: 6.948 GC heap after
Heap after GC invocations=13 (full 1):
 def new generation   total 9280K, used 1024K [0x23860000, 0x24270000, 0x28db0000)
  eden space 8256K,   0% used [0x23860000, 0x23860000, 0x24070000)
  from space 1024K, 100% used [0x24170000, 0x24270000, 0x24270000)
  to   space 1024K,   0% used [0x24070000, 0x24070000, 0x24170000)
 tenured generation   total 20528K, used 14118K [0x28db0000, 0x2a1bc000, 0x33860000)
   the space 20528K,  68% used [0x28db0000, 0x29b79ab0, 0x29b79c00, 0x2a1bc000)
 compacting perm gen  total 12288K, used 9901K [0x33860000, 0x34460000, 0x37860000)
   the space 12288K,  80% used [0x33860000, 0x3420b580, 0x3420b600, 0x34460000)
    ro space 10240K,  45% used [0x37860000, 0x37ce73d8, 0x37ce7400, 0x38260000)
    rw space 12288K,  54% used [0x38260000, 0x388eacc8, 0x388eae00, 0x38e60000)
}
Event: 7.104 GC heap before
{Heap before GC invocations=13 (full 1):
 def new generation   total 9280K, used 9280K [0x23860000, 0x24270000, 0x28db0000)
  eden space 8256K, 100% used [0x23860000, 0x24070000, 0x24070000)
  from space 1024K, 100% used [0x24170000, 0x24270000, 0x24270000)
  to   space 1024K,   0% used [0x24070000, 0x24070000, 0x24170000)
 tenured generation   total 20528K, used 14118K [0x28db0000, 0x2a1bc000, 0x33860000)
   the space 20528K,  68% used [0x28db0000, 0x29b79ab0, 0x29b79c00, 0x2a1bc000)
 compacting perm gen  total 12288K, used 9984K [0x33860000, 0x34460000, 0x37860000)
   the space 12288K,  81% used [0x33860000, 0x34220048, 0x34220200, 0x34460000)
    ro space 10240K,  45% used [0x37860000, 0x37ce73d8, 0x37ce7400, 0x38260000)
    rw space 12288K,  54% used [0x38260000, 0x388eacc8, 0x388eae00, 0x38e60000)
Event: 7.115 GC heap after
Heap after GC invocations=14 (full 1):
 def new generation   total 9280K, used 1024K [0x23860000, 0x24270000, 0x28db0000)
  eden space 8256K,   0% used [0x23860000, 0x23860000, 0x24070000)
  from space 1024K, 100% used [0x24070000, 0x24170000, 0x24170000)
  to   space 1024K,   0% used [0x24170000, 0x24170000, 0x24270000)
 tenured generation   total 20528K, used 16713K [0x28db0000, 0x2a1bc000, 0x33860000)
   the space 20528K,  81% used [0x28db0000, 0x29e025b0, 0x29e02600, 0x2a1bc000)
 compacting perm gen  total 12288K, used 9984K [0x33860000, 0x34460000, 0x37860000)
   the space 12288K,  81% used [0x33860000, 0x34220048, 0x34220200, 0x34460000)
    ro space 10240K,  45% used [0x37860000, 0x37ce73d8, 0x37ce7400, 0x38260000)
    rw space 12288K,  54% used [0x38260000, 0x388eacc8, 0x388eae00, 0x38e60000)
}

