# JRE version: 7.0_17-b02
# Java VM: Java HotSpot(TM) 64-Bit Server VM (23.7-b01 mixed mode windows-amd64 compressed oops)
Heap
 PSYoungGen      total 23040K, used 12361K [0x00000000ebb60000, 0x00000000eefe0000, 0x0000000100000000)
  eden space 13312K, 19% used [0x00000000ebb60000,0x00000000ebdf9238,0x00000000ec860000)
  from space 9728K, 99% used [0x00000000ed3c0000,0x00000000edd39260,0x00000000edd40000)
  to   space 11648K, 0% used [0x00000000ec860000,0x00000000ec860000,0x00000000ed3c0000)
 ParOldGen       total 41600K, used 14667K [0x00000000c3200000, 0x00000000c5aa0000, 0x00000000ebb60000)
  object space 41600K, 35% used [0x00000000c3200000,0x00000000c4052ec8,0x00000000c5aa0000)
 PSPermGen       total 26048K, used 26000K [0x00000000be000000, 0x00000000bf970000, 0x00000000c3200000)
  object space 26048K, 99% used [0x00000000be000000,0x00000000bf964200,0x00000000bf970000)
GC Heap History (10 events):
Event: 1.828 GC heap before
{Heap before GC invocations=2 (full 0):
 PSYoungGen      total 18176K, used 18160K [0x00000000ebb60000, 0x00000000ecfa0000, 0x0000000100000000)
  eden space 15616K, 100% used [0x00000000ebb60000,0x00000000ecaa0000,0x00000000ecaa0000)
  from space 2560K, 99% used [0x00000000ecaa0000,0x00000000ecd1c050,0x00000000ecd20000)
  to   space 2560K, 0% used [0x00000000ecd20000,0x00000000ecd20000,0x00000000ecfa0000)
 ParOldGen       total 41600K, used 908K [0x00000000c3200000, 0x00000000c5aa0000, 0x00000000ebb60000)
  object space 41600K, 2% used [0x00000000c3200000,0x00000000c32e3380,0x00000000c5aa0000)
 PSPermGen       total 21248K, used 16290K [0x00000000be000000, 0x00000000bf4c0000, 0x00000000c3200000)
  object space 21248K, 76% used [0x00000000be000000,0x00000000befe8800,0x00000000bf4c0000)
Event: 1.840 GC heap after
Heap after GC invocations=2 (full 0):
 PSYoungGen      total 18176K, used 2544K [0x00000000ebb60000, 0x00000000edee0000, 0x0000000100000000)
  eden space 15616K, 0% used [0x00000000ebb60000,0x00000000ebb60000,0x00000000ecaa0000)
  from space 2560K, 99% used [0x00000000ecd20000,0x00000000ecf9c010,0x00000000ecfa0000)
  to   space 2560K, 0% used [0x00000000ecaa0000,0x00000000ecaa0000,0x00000000ecd20000)
 ParOldGen       total 41600K, used 2415K [0x00000000c3200000, 0x00000000c5aa0000, 0x00000000ebb60000)
  object space 41600K, 5% used [0x00000000c3200000,0x00000000c345bc80,0x00000000c5aa0000)
 PSPermGen       total 21248K, used 16290K [0x00000000be000000, 0x00000000bf4c0000, 0x00000000c3200000)
  object space 21248K, 76% used [0x00000000be000000,0x00000000befe8800,0x00000000bf4c0000)
}
Event: 10.785 GC heap before
{Heap before GC invocations=3 (full 0):
 PSYoungGen      total 18176K, used 18134K [0x00000000ebb60000, 0x00000000edee0000, 0x0000000100000000)
  eden space 15616K, 99% used [0x00000000ebb60000,0x00000000eca99848,0x00000000ecaa0000)
  from space 2560K, 99% used [0x00000000ecd20000,0x00000000ecf9c010,0x00000000ecfa0000)
  to   space 2560K, 0% used [0x00000000ecaa0000,0x00000000ecaa0000,0x00000000ecd20000)
 ParOldGen       total 41600K, used 2415K [0x00000000c3200000, 0x00000000c5aa0000, 0x00000000ebb60000)
  object space 41600K, 5% used [0x00000000c3200000,0x00000000c345bc80,0x00000000c5aa0000)
 PSPermGen       total 22208K, used 22185K [0x00000000be000000, 0x00000000bf5b0000, 0x00000000c3200000)
  object space 22208K, 99% used [0x00000000be000000,0x00000000bf5aa498,0x00000000bf5b0000)
Event: 10.804 GC heap after
Heap after GC invocations=3 (full 0):
 PSYoungGen      total 18176K, used 2544K [0x00000000ebb60000, 0x00000000ecfa0000, 0x0000000100000000)
  eden space 15616K, 0% used [0x00000000ebb60000,0x00000000ebb60000,0x00000000ecaa0000)
  from space 2560K, 99% used [0x00000000ecaa0000,0x00000000ecd1c030,0x00000000ecd20000)
  to   space 2560K, 0% used [0x00000000ecd20000,0x00000000ecd20000,0x00000000ecfa0000)
 ParOldGen       total 41600K, used 6346K [0x00000000c3200000, 0x00000000c5aa0000, 0x00000000ebb60000)
  object space 41600K, 15% used [0x00000000c3200000,0x00000000c38328d8,0x00000000c5aa0000)
 PSPermGen       total 22208K, used 22185K [0x00000000be000000, 0x00000000bf5b0000, 0x00000000c3200000)
  object space 22208K, 99% used [0x00000000be000000,0x00000000bf5aa498,0x00000000bf5b0000)
}
Event: 16.648 GC heap before
{Heap before GC invocations=4 (full 0):
 PSYoungGen      total 18176K, used 18160K [0x00000000ebb60000, 0x00000000ecfa0000, 0x0000000100000000)
  eden space 15616K, 100% used [0x00000000ebb60000,0x00000000ecaa0000,0x00000000ecaa0000)
  from space 2560K, 99% used [0x00000000ecaa0000,0x00000000ecd1c030,0x00000000ecd20000)
  to   space 2560K, 0% used [0x00000000ecd20000,0x00000000ecd20000,0x00000000ecfa0000)
 ParOldGen       total 41600K, used 6346K [0x00000000c3200000, 0x00000000c5aa0000, 0x00000000ebb60000)
  object space 41600K, 15% used [0x00000000c3200000,0x00000000c38328d8,0x00000000c5aa0000)
 PSPermGen       total 24512K, used 24327K [0x00000000be000000, 0x00000000bf7f0000, 0x00000000c3200000)
  object space 24512K, 99% used [0x00000000be000000,0x00000000bf7c1ec0,0x00000000bf7f0000)
Event: 16.661 GC heap after
Heap after GC invocations=4 (full 0):
 PSYoungGen      total 18176K, used 2528K [0x00000000ebb60000, 0x00000000ecfa0000, 0x0000000100000000)
  eden space 15616K, 0% used [0x00000000ebb60000,0x00000000ebb60000,0x00000000ecaa0000)
  from space 2560K, 98% used [0x00000000ecd20000,0x00000000ecf98020,0x00000000ecfa0000)
  to   space 2560K, 0% used [0x00000000ecaa0000,0x00000000ecaa0000,0x00000000ecd20000)
 ParOldGen       total 41600K, used 13052K [0x00000000c3200000, 0x00000000c5aa0000, 0x00000000ebb60000)
  object space 41600K, 31% used [0x00000000c3200000,0x00000000c3ebf070,0x00000000c5aa0000)
 PSPermGen       total 24512K, used 24327K [0x00000000be000000, 0x00000000bf7f0000, 0x00000000c3200000)
  object space 24512K, 99% used [0x00000000be000000,0x00000000bf7c1ec0,0x00000000bf7f0000)
}
Event: 146.036 GC heap before
{Heap before GC invocations=5 (full 0):
 PSYoungGen      total 18176K, used 16478K [0x00000000ebb60000, 0x00000000ecfa0000, 0x0000000100000000)
  eden space 15616K, 89% used [0x00000000ebb60000,0x00000000ec8ff9e0,0x00000000ecaa0000)
  from space 2560K, 98% used [0x00000000ecd20000,0x00000000ecf98020,0x00000000ecfa0000)
  to   space 2560K, 0% used [0x00000000ecaa0000,0x00000000ecaa0000,0x00000000ecd20000)
 ParOldGen       total 41600K, used 13052K [0x00000000c3200000, 0x00000000c5aa0000, 0x00000000ebb60000)
  object space 41600K, 31% used [0x00000000c3200000,0x00000000c3ebf070,0x00000000c5aa0000)
 PSPermGen       total 25856K, used 25772K [0x00000000be000000, 0x00000000bf940000, 0x00000000c3200000)
  object space 25856K, 99% used [0x00000000be000000,0x00000000bf92b140,0x00000000bf940000)
Event: 146.050 GC heap after
Heap after GC invocations=5 (full 0):
 PSYoungGen      total 17792K, used 2544K [0x00000000ebb60000, 0x00000000edd40000, 0x0000000100000000)
  eden space 15232K, 0% used [0x00000000ebb60000,0x00000000ebb60000,0x00000000eca40000)
  from space 2560K, 99% used [0x00000000ecaa0000,0x00000000ecd1c010,0x00000000ecd20000)
  to   space 9728K, 0% used [0x00000000ed3c0000,0x00000000ed3c0000,0x00000000edd40000)
 ParOldGen       total 41600K, used 14334K [0x00000000c3200000, 0x00000000c5aa0000, 0x00000000ebb60000)
  object space 41600K, 34% used [0x00000000c3200000,0x00000000c3fff888,0x00000000c5aa0000)
 PSPermGen       total 25856K, used 25772K [0x00000000be000000, 0x00000000bf940000, 0x00000000c3200000)
  object space 25856K, 99% used [0x00000000be000000,0x00000000bf92b140,0x00000000bf940000)
}
Event: 146.594 GC heap before
{Heap before GC invocations=6 (full 0):
 PSYoungGen      total 17792K, used 17776K [0x00000000ebb60000, 0x00000000edd40000, 0x0000000100000000)
  eden space 15232K, 100% used [0x00000000ebb60000,0x00000000eca40000,0x00000000eca40000)
  from space 2560K, 99% used [0x00000000ecaa0000,0x00000000ecd1c010,0x00000000ecd20000)
  to   space 9728K, 0% used [0x00000000ed3c0000,0x00000000ed3c0000,0x00000000edd40000)
 ParOldGen       total 41600K, used 14334K [0x00000000c3200000, 0x00000000c5aa0000, 0x00000000ebb60000)
  object space 41600K, 34% used [0x00000000c3200000,0x00000000c3fff888,0x00000000c5aa0000)
 PSPermGen       total 26048K, used 25985K [0x00000000be000000, 0x00000000bf970000, 0x00000000c3200000)
  object space 26048K, 99% used [0x00000000be000000,0x00000000bf960670,0x00000000bf970000)
Event: 146.612 GC heap after
Heap after GC invocations=6 (full 0):
 PSYoungGen      total 23040K, used 9700K [0x00000000ebb60000, 0x00000000eefe0000, 0x0000000100000000)
  eden space 13312K, 0% used [0x00000000ebb60000,0x00000000ebb60000,0x00000000ec860000)
  from space 9728K, 99% used [0x00000000ed3c0000,0x00000000edd39260,0x00000000edd40000)
  to   space 11648K, 0% used [0x00000000ec860000,0x00000000ec860000,0x00000000ed3c0000)
 ParOldGen       total 41600K, used 14667K [0x00000000c3200000, 0x00000000c5aa0000, 0x00000000ebb60000)
  object space 41600K, 35% used [0x00000000c3200000,0x00000000c4052ec8,0x00000000c5aa0000)
 PSPermGen       total 26048K, used 25985K [0x00000000be000000, 0x00000000bf970000, 0x00000000c3200000)
  object space 26048K, 99% used [0x00000000be000000,0x00000000bf960670,0x00000000bf970000)
}

