# JRE version: 7.0_17-b02
# Java VM: Java HotSpot(TM) Client VM (23.7-b01 mixed mode, sharing windows-x86 )
Heap
 def new generation   total 12736K, used 4595K [0x23860000, 0x24630000, 0x28db0000)
  eden space 11328K,  28% used [0x23860000, 0x23b7cfd0, 0x24370000)
  from space 1408K, 100% used [0x24370000, 0x244d0000, 0x244d0000)
  to   space 1408K,   0% used [0x244d0000, 0x244d0000, 0x24630000)
 tenured generation   total 28168K, used 25402K [0x28db0000, 0x2a932000, 0x33860000)
   the space 28168K,  90% used [0x28db0000, 0x2a67ead8, 0x2a67ec00, 0x2a932000)
 compacting perm gen  total 12288K, used 10740K [0x33860000, 0x34460000, 0x37860000)
   the space 12288K,  87% used [0x33860000, 0x342dd190, 0x342dd200, 0x34460000)
    ro space 10240K,  45% used [0x37860000, 0x37ce73d8, 0x37ce7400, 0x38260000)
    rw space 12288K,  54% used [0x38260000, 0x388eacc8, 0x388eae00, 0x38e60000)
GC Heap History (10 events):
Event: 8.083 GC heap before
{Heap before GC invocations=12 (full 1):
 def new generation   total 7680K, used 6845K [0x23860000, 0x240b0000, 0x28db0000)
  eden space 6848K,  99% used [0x23860000, 0x23f0f718, 0x23f10000)
  from space 832K,   0% used [0x23f10000, 0x23f10000, 0x23fe0000)
  to   space 832K,   0% used [0x23fe0000, 0x23fe0000, 0x240b0000)
 tenured generation   total 16936K, used 10159K [0x28db0000, 0x29e3a000, 0x33860000)
   the space 16936K,  59% used [0x28db0000, 0x2979bd58, 0x2979be00, 0x29e3a000)
 compacting perm gen  total 12288K, used 10482K [0x33860000, 0x34460000, 0x37860000)
   the space 12288K,  85% used [0x33860000, 0x3429ca80, 0x3429cc00, 0x34460000)
    ro space 10240K,  45% used [0x37860000, 0x37ce73d8, 0x37ce7400, 0x38260000)
    rw space 12288K,  54% used [0x38260000, 0x388eacc8, 0x388eae00, 0x38e60000)
Event: 8.092 GC heap after
Heap after GC invocations=13 (full 1):
 def new generation   total 7680K, used 832K [0x23860000, 0x240b0000, 0x28db0000)
  eden space 6848K,   0% used [0x23860000, 0x23860000, 0x23f10000)
  from space 832K, 100% used [0x23fe0000, 0x240b0000, 0x240b0000)
  to   space 832K,   0% used [0x23f10000, 0x23f10000, 0x23fe0000)
 tenured generation   total 16936K, used 11404K [0x28db0000, 0x29e3a000, 0x33860000)
   the space 16936K,  67% used [0x28db0000, 0x298d3360, 0x298d3400, 0x29e3a000)
 compacting perm gen  total 12288K, used 10482K [0x33860000, 0x34460000, 0x37860000)
   the space 12288K,  85% used [0x33860000, 0x3429ca80, 0x3429cc00, 0x34460000)
    ro space 10240K,  45% used [0x37860000, 0x37ce73d8, 0x37ce7400, 0x38260000)
    rw space 12288K,  54% used [0x38260000, 0x388eacc8, 0x388eae00, 0x38e60000)
}
Event: 8.781 GC heap before
{Heap before GC invocations=13 (full 1):
 def new generation   total 7680K, used 7680K [0x23860000, 0x240b0000, 0x28db0000)
  eden space 6848K, 100% used [0x23860000, 0x23f10000, 0x23f10000)
  from space 832K, 100% used [0x23fe0000, 0x240b0000, 0x240b0000)
  to   space 832K,   0% used [0x23f10000, 0x23f10000, 0x23fe0000)
 tenured generation   total 16936K, used 11404K [0x28db0000, 0x29e3a000, 0x33860000)
   the space 16936K,  67% used [0x28db0000, 0x298d3360, 0x298d3400, 0x29e3a000)
 compacting perm gen  total 12288K, used 10569K [0x33860000, 0x34460000, 0x37860000)
   the space 12288K,  86% used [0x33860000, 0x342b2680, 0x342b2800, 0x34460000)
    ro space 10240K,  45% used [0x37860000, 0x37ce73d8, 0x37ce7400, 0x38260000)
    rw space 12288K,  54% used [0x38260000, 0x388eacc8, 0x388eae00, 0x38e60000)
Event: 8.794 GC heap after
Heap after GC invocations=14 (full 1):
 def new generation   total 7680K, used 832K [0x23860000, 0x240b0000, 0x28db0000)
  eden space 6848K,   0% used [0x23860000, 0x23860000, 0x23f10000)
  from space 832K, 100% used [0x23f10000, 0x23fe0000, 0x23fe0000)
  to   space 832K,   0% used [0x23fe0000, 0x23fe0000, 0x240b0000)
 tenured generation   total 16936K, used 13931K [0x28db0000, 0x29e3a000, 0x33860000)
   the space 16936K,  82% used [0x28db0000, 0x29b4afa8, 0x29b4b000, 0x29e3a000)
 compacting perm gen  total 12288K, used 10569K [0x33860000, 0x34460000, 0x37860000)
   the space 12288K,  86% used [0x33860000, 0x342b2680, 0x342b2800, 0x34460000)
    ro space 10240K,  45% used [0x37860000, 0x37ce73d8, 0x37ce7400, 0x38260000)
    rw space 12288K,  54% used [0x38260000, 0x388eacc8, 0x388eae00, 0x38e60000)
}
Event: 10.520 GC heap before
{Heap before GC invocations=14 (full 1):
 def new generation   total 7680K, used 7270K [0x23860000, 0x240b0000, 0x28db0000)
  eden space 6848K,  94% used [0x23860000, 0x23ea9898, 0x23f10000)
  from space 832K, 100% used [0x23f10000, 0x23fe0000, 0x23fe0000)
  to   space 832K,   0% used [0x23fe0000, 0x23fe0000, 0x240b0000)
 tenured generation   total 16936K, used 13931K [0x28db0000, 0x29e3a000, 0x33860000)
   the space 16936K,  82% used [0x28db0000, 0x29b4afa8, 0x29b4b000, 0x29e3a000)
 compacting perm gen  total 12288K, used 10662K [0x33860000, 0x34460000, 0x37860000)
   the space 12288K,  86% used [0x33860000, 0x342c9828, 0x342c9a00, 0x34460000)
    ro space 10240K,  45% used [0x37860000, 0x37ce73d8, 0x37ce7400, 0x38260000)
    rw space 12288K,  54% used [0x38260000, 0x388eacc8, 0x388eae00, 0x38e60000)
Event: 10.629 GC heap after
Heap after GC invocations=15 (full 2):
 def new generation   total 12736K, used 0K [0x23860000, 0x24630000, 0x28db0000)
  eden space 11328K,   0% used [0x23860000, 0x23860000, 0x24370000)
  from space 1408K,   0% used [0x24370000, 0x24370000, 0x244d0000)
  to   space 1408K,   0% used [0x244d0000, 0x244d0000, 0x24630000)
 tenured generation   total 28168K, used 16899K [0x28db0000, 0x2a932000, 0x33860000)
   the space 28168K,  59% used [0x28db0000, 0x29e30c08, 0x29e30e00, 0x2a932000)
 compacting perm gen  total 12288K, used 10662K [0x33860000, 0x34460000, 0x37860000)
   the space 12288K,  86% used [0x33860000, 0x342c9828, 0x342c9a00, 0x34460000)
    ro space 10240K,  45% used [0x37860000, 0x37ce73d8, 0x37ce7400, 0x38260000)
    rw space 12288K,  54% used [0x38260000, 0x388eacc8, 0x388eae00, 0x38e60000)
}
Event: 10.764 GC heap before
{Heap before GC invocations=15 (full 2):
 def new generation   total 12736K, used 11328K [0x23860000, 0x24630000, 0x28db0000)
  eden space 11328K, 100% used [0x23860000, 0x24370000, 0x24370000)
  from space 1408K,   0% used [0x24370000, 0x24370000, 0x244d0000)
  to   space 1408K,   0% used [0x244d0000, 0x244d0000, 0x24630000)
 tenured generation   total 28168K, used 16899K [0x28db0000, 0x2a932000, 0x33860000)
   the space 28168K,  59% used [0x28db0000, 0x29e30c08, 0x29e30e00, 0x2a932000)
 compacting perm gen  total 12288K, used 10682K [0x33860000, 0x34460000, 0x37860000)
   the space 12288K,  86% used [0x33860000, 0x342ce9b8, 0x342cea00, 0x34460000)
    ro space 10240K,  45% used [0x37860000, 0x37ce73d8, 0x37ce7400, 0x38260000)
    rw space 12288K,  54% used [0x38260000, 0x388eacc8, 0x388eae00, 0x38e60000)
Event: 10.774 GC heap after
Heap after GC invocations=16 (full 2):
 def new generation   total 12736K, used 1408K [0x23860000, 0x24630000, 0x28db0000)
  eden space 11328K,   0% used [0x23860000, 0x23860000, 0x24370000)
  from space 1408K, 100% used [0x244d0000, 0x24630000, 0x24630000)
  to   space 1408K,   0% used [0x24370000, 0x24370000, 0x244d0000)
 tenured generation   total 28168K, used 21684K [0x28db0000, 0x2a932000, 0x33860000)
   the space 28168K,  76% used [0x28db0000, 0x2a2dd100, 0x2a2dd200, 0x2a932000)
 compacting perm gen  total 12288K, used 10682K [0x33860000, 0x34460000, 0x37860000)
   the space 12288K,  86% used [0x33860000, 0x342ce9b8, 0x342cea00, 0x34460000)
    ro space 10240K,  45% used [0x37860000, 0x37ce73d8, 0x37ce7400, 0x38260000)
    rw space 12288K,  54% used [0x38260000, 0x388eacc8, 0x388eae00, 0x38e60000)
}
Event: 10.958 GC heap before
{Heap before GC invocations=16 (full 2):
 def new generation   total 12736K, used 12723K [0x23860000, 0x24630000, 0x28db0000)
  eden space 11328K,  99% used [0x23860000, 0x2436cd08, 0x24370000)
  from space 1408K, 100% used [0x244d0000, 0x24630000, 0x24630000)
  to   space 1408K,   0% used [0x24370000, 0x24370000, 0x244d0000)
 tenured generation   total 28168K, used 21684K [0x28db0000, 0x2a932000, 0x33860000)
   the space 28168K,  76% used [0x28db0000, 0x2a2dd100, 0x2a2dd200, 0x2a932000)
 compacting perm gen  total 12288K, used 10740K [0x33860000, 0x34460000, 0x37860000)
   the space 12288K,  87% used [0x33860000, 0x342dd180, 0x342dd200, 0x34460000)
    ro space 10240K,  45% used [0x37860000, 0x37ce73d8, 0x37ce7400, 0x38260000)
    rw space 12288K,  54% used [0x38260000, 0x388eacc8, 0x388eae00, 0x38e60000)
Event: 10.970 GC heap after
Heap after GC invocations=17 (full 2):
 def new generation   total 12736K, used 1408K [0x23860000, 0x24630000, 0x28db0000)
  eden space 11328K,   0% used [0x23860000, 0x23860000, 0x24370000)
  from space 1408K, 100% used [0x24370000, 0x244d0000, 0x244d0000)
  to   space 1408K,   0% used [0x244d0000, 0x244d0000, 0x24630000)
 tenured generation   total 28168K, used 25402K [0x28db0000, 0x2a932000, 0x33860000)
   the space 28168K,  90% used [0x28db0000, 0x2a67ead8, 0x2a67ec00, 0x2a932000)
 compacting perm gen  total 12288K, used 10740K [0x33860000, 0x34460000, 0x37860000)
   the space 12288K,  87% used [0x33860000, 0x342dd180, 0x342dd200, 0x34460000)
    ro space 10240K,  45% used [0x37860000, 0x37ce73d8, 0x37ce7400, 0x38260000)
    rw space 12288K,  54% used [0x38260000, 0x388eacc8, 0x388eae00, 0x38e60000)
}

